This is pdfTeX, Version 3.1415926-2.5-1.40.14 (TeX Live 2013) (format=pdflatex 2013.10.24)  11 DEC 2013 17:54
entering extended mode
 restricted \write18 enabled.
 %&-line parsing enabled.
**tiniba-manual.tex -recorder
(./tiniba-manual.tex
LaTeX2e <2011/06/27>
Babel <3.9f> and hyphenation patterns for 78 languages loaded.
(/usr/local/texlive/2013/texmf-dist/tex/latex/base/article.cls
Document Class: article 2007/10/19 v1.4h Standard LaTeX document class
(/usr/local/texlive/2013/texmf-dist/tex/latex/base/leqno.clo
File: leqno.clo 1998/08/17 v1.1c Standard LaTeX option (left equation numbers)
)
(/usr/local/texlive/2013/texmf-dist/tex/latex/base/size12.clo
File: size12.clo 2007/10/19 v1.4h Standard LaTeX file (size option)
)
\c@part=\count79
\c@section=\count80
\c@subsection=\count81
\c@subsubsection=\count82
\c@paragraph=\count83
\c@subparagraph=\count84
\c@figure=\count85
\c@table=\count86
\abovecaptionskip=\skip41
\belowcaptionskip=\skip42
\bibindent=\dimen102
)
(/usr/local/texlive/2013/texmf-dist/tex/latex/amsmath/amsmath.sty
Package: amsmath 2013/01/14 v2.14 AMS math features
\@mathmargin=\skip43

For additional information on amsmath, use the `?' option.
(/usr/local/texlive/2013/texmf-dist/tex/latex/amsmath/amstext.sty
Package: amstext 2000/06/29 v2.01

(/usr/local/texlive/2013/texmf-dist/tex/latex/amsmath/amsgen.sty
File: amsgen.sty 1999/11/30 v2.0
\@emptytoks=\toks14
\ex@=\dimen103
))
(/usr/local/texlive/2013/texmf-dist/tex/latex/amsmath/amsbsy.sty
Package: amsbsy 1999/11/29 v1.2d
\pmbraise@=\dimen104
)
(/usr/local/texlive/2013/texmf-dist/tex/latex/amsmath/amsopn.sty
Package: amsopn 1999/12/14 v2.01 operator names
)
\inf@bad=\count87
LaTeX Info: Redefining \frac on input line 210.
\uproot@=\count88
\leftroot@=\count89
LaTeX Info: Redefining \overline on input line 306.
\classnum@=\count90
\DOTSCASE@=\count91
LaTeX Info: Redefining \ldots on input line 378.
LaTeX Info: Redefining \dots on input line 381.
LaTeX Info: Redefining \cdots on input line 466.
\Mathstrutbox@=\box26
\strutbox@=\box27
\big@size=\dimen105
LaTeX Font Info:    Redeclaring font encoding OML on input line 566.
LaTeX Font Info:    Redeclaring font encoding OMS on input line 567.
\macc@depth=\count92
\c@MaxMatrixCols=\count93
\dotsspace@=\muskip10
\c@parentequation=\count94
\dspbrk@lvl=\count95
\tag@help=\toks15
\row@=\count96
\column@=\count97
\maxfields@=\count98
\andhelp@=\toks16
\eqnshift@=\dimen106
\alignsep@=\dimen107
\tagshift@=\dimen108
\tagwidth@=\dimen109
\totwidth@=\dimen110
\lineht@=\dimen111
\@envbody=\toks17
\multlinegap=\skip44
\multlinetaggap=\skip45
\mathdisplay@stack=\toks18
LaTeX Info: Redefining \[ on input line 2665.
LaTeX Info: Redefining \] on input line 2666.
)
(/usr/local/texlive/2013/texmf-dist/tex/latex/amsfonts/amssymb.sty
Package: amssymb 2013/01/14 v3.01 AMS font symbols

(/usr/local/texlive/2013/texmf-dist/tex/latex/amsfonts/amsfonts.sty
Package: amsfonts 2013/01/14 v3.01 Basic AMSFonts support
\symAMSa=\mathgroup4
\symAMSb=\mathgroup5
LaTeX Font Info:    Overwriting math alphabet `\mathfrak' in version `bold'
(Font)                  U/euf/m/n --> U/euf/b/n on input line 106.
))
(/usr/local/texlive/2013/texmf-dist/tex/latex/graphics/graphics.sty
Package: graphics 2009/02/05 v1.0o Standard LaTeX Graphics (DPC,SPQR)

(/usr/local/texlive/2013/texmf-dist/tex/latex/graphics/trig.sty
Package: trig 1999/03/16 v1.09 sin cos tan (DPC)
)
(/usr/local/texlive/2013/texmf-dist/tex/latex/latexconfig/graphics.cfg
File: graphics.cfg 2010/04/23 v1.9 graphics configuration of TeX Live
)
Package graphics Info: Driver file: pdftex.def on input line 91.

(/usr/local/texlive/2013/texmf-dist/tex/latex/pdftex-def/pdftex.def
File: pdftex.def 2011/05/27 v0.06d Graphics/color for pdfTeX

(/usr/local/texlive/2013/texmf-dist/tex/generic/oberdiek/infwarerr.sty
Package: infwarerr 2010/04/08 v1.3 Providing info/warning/error messages (HO)
)
(/usr/local/texlive/2013/texmf-dist/tex/generic/oberdiek/ltxcmds.sty
Package: ltxcmds 2011/11/09 v1.22 LaTeX kernel commands for general use (HO)
)
\Gread@gobject=\count99
))
(/usr/local/texlive/2013/texmf-dist/tex/latex/graphics/color.sty
Package: color 2005/11/14 v1.0j Standard LaTeX Color (DPC)

(/usr/local/texlive/2013/texmf-dist/tex/latex/latexconfig/color.cfg
File: color.cfg 2007/01/18 v1.5 color configuration of teTeX/TeXLive
)
Package color Info: Driver file: pdftex.def on input line 130.
)
(/usr/local/texlive/2013/texmf-dist/tex/generic/babel/babel.sty
Package: babel 2013/05/16 v3.9f The Babel package

(/usr/local/texlive/2013/texmf-dist/tex/generic/babel-spanish/spanish.ldf
Language: spanish.ldf 2010/05/23 v5.0j Spanish support from the babel system

(/usr/local/texlive/2013/texmf-dist/tex/generic/babel/babel.def
File: babel.def 2013/05/16 v3.9f Babel common definitions
\babel@savecnt=\count100
\U@D=\dimen112
)
\es@datefmt=\count101
\es@quottoks=\toks19
\es@quotdepth=\count102
Package babel Info: Making " an active character on input line 495.
Package babel Info: Making . an active character on input line 588.
Package babel Info: Making < an active character on input line 633.
Package babel Info: Making > an active character on input line 633.
)
(/usr/local/texlive/2013/texmf-dist/tex/generic/babel-english/english.ldf
Language: english 2012/08/20 v3.3p English support from the babel system
\l@canadian = a dialect from \language\l@american 
\l@australian = a dialect from \language\l@british 
\l@newzealand = a dialect from \language\l@british 
))
(/usr/local/texlive/2013/texmf-dist/tex/latex/tools/verbatim.sty
Package: verbatim 2003/08/22 v1.5q LaTeX2e package for verbatim enhancements
\every@verbatim=\toks20
\verbatim@line=\toks21
\verbatim@in@stream=\read1
)
(/usr/local/texlive/2013/texmf-dist/tex/latex/graphics/graphicx.sty
Package: graphicx 1999/02/16 v1.0f Enhanced LaTeX Graphics (DPC,SPQR)

(/usr/local/texlive/2013/texmf-dist/tex/latex/graphics/keyval.sty
Package: keyval 1999/03/16 v1.13 key=value parser (DPC)
\KV@toks@=\toks22
)
\Gin@req@height=\dimen113
\Gin@req@width=\dimen114
)
LaTeX Info: Redefining \. on input line 10.
LaTeX Info: Redefining \% on input line 10.

(/Users/bms/util/definitions.tex)
(/usr/local/texlive/2013/texmf-dist/tex/latex/hyperref/hyperref.sty
Package: hyperref 2012/11/06 v6.83m Hypertext links for LaTeX

(/usr/local/texlive/2013/texmf-dist/tex/generic/oberdiek/hobsub-hyperref.sty
Package: hobsub-hyperref 2012/05/28 v1.13 Bundle oberdiek, subset hyperref (HO)


(/usr/local/texlive/2013/texmf-dist/tex/generic/oberdiek/hobsub-generic.sty
Package: hobsub-generic 2012/05/28 v1.13 Bundle oberdiek, subset generic (HO)
Package: hobsub 2012/05/28 v1.13 Construct package bundles (HO)
Package hobsub Info: Skipping package `infwarerr' (already loaded).
Package hobsub Info: Skipping package `ltxcmds' (already loaded).
Package: ifluatex 2010/03/01 v1.3 Provides the ifluatex switch (HO)
Package ifluatex Info: LuaTeX not detected.
Package: ifvtex 2010/03/01 v1.5 Detect VTeX and its facilities (HO)
Package ifvtex Info: VTeX not detected.
Package: intcalc 2007/09/27 v1.1 Expandable calculations with integers (HO)
Package: ifpdf 2011/01/30 v2.3 Provides the ifpdf switch (HO)
Package ifpdf Info: pdfTeX in PDF mode is detected.
Package: etexcmds 2011/02/16 v1.5 Avoid name clashes with e-TeX commands (HO)
Package etexcmds Info: Could not find \expanded.
(etexcmds)             That can mean that you are not using pdfTeX 1.50 or
(etexcmds)             that some package has redefined \expanded.
(etexcmds)             In the latter case, load this package earlier.
Package: kvsetkeys 2012/04/25 v1.16 Key value parser (HO)
Package: kvdefinekeys 2011/04/07 v1.3 Define keys (HO)
Package: pdftexcmds 2011/11/29 v0.20 Utility functions of pdfTeX for LuaTeX (HO
)
Package pdftexcmds Info: LuaTeX not detected.
Package pdftexcmds Info: \pdf@primitive is available.
Package pdftexcmds Info: \pdf@ifprimitive is available.
Package pdftexcmds Info: \pdfdraftmode found.
Package: pdfescape 2011/11/25 v1.13 Implements pdfTeX's escape features (HO)
Package: bigintcalc 2012/04/08 v1.3 Expandable calculations on big integers (HO
)
Package: bitset 2011/01/30 v1.1 Handle bit-vector datatype (HO)
Package: uniquecounter 2011/01/30 v1.2 Provide unlimited unique counter (HO)
)
Package hobsub Info: Skipping package `hobsub' (already loaded).
Package: letltxmacro 2010/09/02 v1.4 Let assignment for LaTeX macros (HO)
Package: hopatch 2012/05/28 v1.2 Wrapper for package hooks (HO)
Package: xcolor-patch 2011/01/30 xcolor patch
Package: atveryend 2011/06/30 v1.8 Hooks at the very end of document (HO)
Package atveryend Info: \enddocument detected (standard20110627).
Package: atbegshi 2011/10/05 v1.16 At begin shipout hook (HO)
Package: refcount 2011/10/16 v3.4 Data extraction from label references (HO)
Package: hycolor 2011/01/30 v1.7 Color options for hyperref/bookmark (HO)
)
(/usr/local/texlive/2013/texmf-dist/tex/generic/ifxetex/ifxetex.sty
Package: ifxetex 2010/09/12 v0.6 Provides ifxetex conditional
)
(/usr/local/texlive/2013/texmf-dist/tex/latex/oberdiek/auxhook.sty
Package: auxhook 2011/03/04 v1.3 Hooks for auxiliary files (HO)
)
(/usr/local/texlive/2013/texmf-dist/tex/latex/oberdiek/kvoptions.sty
Package: kvoptions 2011/06/30 v3.11 Key value format for package options (HO)
)
\@linkdim=\dimen115
\Hy@linkcounter=\count103
\Hy@pagecounter=\count104

(/usr/local/texlive/2013/texmf-dist/tex/latex/hyperref/pd1enc.def
File: pd1enc.def 2012/11/06 v6.83m Hyperref: PDFDocEncoding definition (HO)
)
\Hy@SavedSpaceFactor=\count105

(/usr/local/texlive/2013/texmf-dist/tex/latex/latexconfig/hyperref.cfg
File: hyperref.cfg 2002/06/06 v1.2 hyperref configuration of TeXLive
)
Package hyperref Info: Option `pdffitwindow' set `true' on input line 4319.
Package hyperref Info: Option `colorlinks' set `true' on input line 4319.
Package hyperref Info: Hyper figures OFF on input line 4443.
Package hyperref Info: Link nesting OFF on input line 4448.
Package hyperref Info: Hyper index ON on input line 4451.
Package hyperref Info: Plain pages OFF on input line 4458.
Package hyperref Info: Backreferencing ON on input line 4461.
Package hyperref Info: Implicit mode ON; LaTeX internals redefined.
Package hyperref Info: Bookmarks ON on input line 4688.

(/usr/local/texlive/2013/texmf-dist/tex/latex/hyperref/backref.sty
Package: backref 2012/07/25 v1.38 Bibliographical back referencing

(/usr/local/texlive/2013/texmf-dist/tex/latex/oberdiek/rerunfilecheck.sty
Package: rerunfilecheck 2011/04/15 v1.7 Rerun checks for auxiliary files (HO)
Package uniquecounter Info: New unique counter `rerunfilecheck' on input line 2
82.
))
\c@Hy@tempcnt=\count106

(/usr/local/texlive/2013/texmf-dist/tex/latex/url/url.sty
\Urlmuskip=\muskip11
Package: url 2006/04/12  ver 3.3  Verb mode for urls, etc.
)
LaTeX Info: Redefining \url on input line 5041.
\XeTeXLinkMargin=\dimen116
\Fld@menulength=\count107
\Field@Width=\dimen117
\Fld@charsize=\dimen118
Package hyperref Info: Hyper figures OFF on input line 6295.
Package hyperref Info: Link nesting OFF on input line 6300.
Package hyperref Info: Hyper index ON on input line 6303.
Package hyperref Info: backreferencing ON on input line 6308.
Package hyperref Info: Link coloring ON on input line 6313.
Package hyperref Info: Link coloring with OCG OFF on input line 6320.
Package hyperref Info: PDF/A mode OFF on input line 6325.
LaTeX Info: Redefining \ref on input line 6365.
LaTeX Info: Redefining \pageref on input line 6369.
\Hy@abspage=\count108
\c@Item=\count109
\c@Hfootnote=\count110
)

Package hyperref Message: Driver (autodetected): hpdftex.

(/usr/local/texlive/2013/texmf-dist/tex/latex/hyperref/hpdftex.def
File: hpdftex.def 2012/11/06 v6.83m Hyperref driver for pdfTeX
\Fld@listcount=\count111
\c@bookmark@seq@number=\count112
\Hy@SectionHShift=\skip46
)

LaTeX Font Warning: Font shape `OT1/cmss/m/n' in size <15> not available
(Font)              size <14.4> substituted on input line 32.

(/usr/local/texlive/2013/texmf-dist/tex/latex/fancyhdr/fancyhdr.sty
\fancy@headwidth=\skip47
\f@ncyO@elh=\skip48
\f@ncyO@erh=\skip49
\f@ncyO@olh=\skip50
\f@ncyO@orh=\skip51
\f@ncyO@elf=\skip52
\f@ncyO@erf=\skip53
\f@ncyO@olf=\skip54
\f@ncyO@orf=\skip55
)
(./tiniba-manual.aux
LaTeX Info: Redefining \. on input line 23.
LaTeX Info: Redefining \% on input line 23.
LaTeX Info: Redefining \. on input line 31.
LaTeX Info: Redefining \% on input line 31.
)
\openout1 = `tiniba-manual.aux'.

LaTeX Font Info:    Checking defaults for OML/cmm/m/it on input line 105.
LaTeX Font Info:    ... okay on input line 105.
LaTeX Font Info:    Checking defaults for T1/cmr/m/n on input line 105.
LaTeX Font Info:    ... okay on input line 105.
LaTeX Font Info:    Checking defaults for OT1/cmr/m/n on input line 105.
LaTeX Font Info:    ... okay on input line 105.
LaTeX Font Info:    Checking defaults for OMS/cmsy/m/n on input line 105.
LaTeX Font Info:    ... okay on input line 105.
LaTeX Font Info:    Checking defaults for OMX/cmex/m/n on input line 105.
LaTeX Font Info:    ... okay on input line 105.
LaTeX Font Info:    Checking defaults for U/cmr/m/n on input line 105.
LaTeX Font Info:    ... okay on input line 105.
LaTeX Font Info:    Checking defaults for PD1/pdf/m/n on input line 105.
LaTeX Font Info:    ... okay on input line 105.

(/usr/local/texlive/2013/texmf-dist/tex/context/base/supp-pdf.mkii
[Loading MPS to PDF converter (version 2006.09.02).]
\scratchcounter=\count113
\scratchdimen=\dimen119
\scratchbox=\box28
\nofMPsegments=\count114
\nofMParguments=\count115
\everyMPshowfont=\toks23
\MPscratchCnt=\count116
\MPscratchDim=\dimen120
\MPnumerator=\count117
\makeMPintoPDFobject=\count118
\everyMPtoPDFconversion=\toks24
) (/usr/local/texlive/2013/texmf-dist/tex/latex/oberdiek/epstopdf-base.sty
Package: epstopdf-base 2010/02/09 v2.5 Base part for package epstopdf

(/usr/local/texlive/2013/texmf-dist/tex/latex/oberdiek/grfext.sty
Package: grfext 2010/08/19 v1.1 Manage graphics extensions (HO)
)
Package grfext Info: Graphics extension search list:
(grfext)             [.png,.pdf,.jpg,.mps,.jpeg,.jbig2,.jb2,.PNG,.PDF,.JPG,.JPE
G,.JBIG2,.JB2,.eps]
(grfext)             \AppendGraphicsExtensions on input line 452.

(/usr/local/texlive/2013/texmf-dist/tex/latex/latexconfig/epstopdf-sys.cfg
File: epstopdf-sys.cfg 2010/07/13 v1.3 Configuration of (r)epstopdf for TeX Liv
e
))
\AtBeginShipoutBox=\box29
Package hyperref Info: Link coloring ON on input line 105.

(/usr/local/texlive/2013/texmf-dist/tex/latex/hyperref/nameref.sty
Package: nameref 2012/10/27 v2.43 Cross-referencing by name of section

(/usr/local/texlive/2013/texmf-dist/tex/generic/oberdiek/gettitlestring.sty
Package: gettitlestring 2010/12/03 v1.4 Cleanup title references (HO)
)
\c@section@level=\count119
)
LaTeX Info: Redefining \ref on input line 105.
LaTeX Info: Redefining \pageref on input line 105.
LaTeX Info: Redefining \nameref on input line 105.

(./tiniba-manual.out) (./tiniba-manual.out)
\@outlinefile=\write3
\openout3 = `tiniba-manual.out'.

LaTeX Info: Redefining \. on input line 107.
LaTeX Info: Redefining \% on input line 107.

<logo-cio-nuevo.jpg, id=104, 374.3586pt x 203.0787pt>
File: logo-cio-nuevo.jpg Graphic file (type jpg)
 <use logo-cio-nuevo.jpg>
Package pdftex.def Info: logo-cio-nuevo.jpg used on input line 109.
(pdftex.def)             Requested size: 187.17883pt x 101.5391pt.
LaTeX Font Info:    Try loading font information for U+msa on input line 109.

(/usr/local/texlive/2013/texmf-dist/tex/latex/amsfonts/umsa.fd
File: umsa.fd 2013/01/14 v3.01 AMS symbols A
)
LaTeX Font Info:    Try loading font information for U+msb on input line 109.

(/usr/local/texlive/2013/texmf-dist/tex/latex/amsfonts/umsb.fd
File: umsb.fd 2013/01/14 v3.01 AMS symbols B
)
LaTeX Font Info:    Try loading font information for OMS+cmr on input line 109.


(/usr/local/texlive/2013/texmf-dist/tex/latex/base/omscmr.fd
File: omscmr.fd 1999/05/25 v2.5h Standard LaTeX font definitions
)
LaTeX Font Info:    Font shape `OMS/cmr/bx/n' in size <12> not available
(Font)              Font shape `OMS/cmsy/b/n' tried instead on input line 109.

Overfull \hbox (4.62022pt too wide) in paragraph at lines 109--109
 [][] 
 []

(./tiniba-manual.toc
LaTeX Info: Redefining \. on input line 1.
LaTeX Info: Redefining \% on input line 1.
LaTeX Info: Redefining \. on input line 3.
LaTeX Info: Redefining \% on input line 3.
Package babel Info: Redefining spanish shorthand <<
(babel)             in language  on input line 10.
Package babel Info: Redefining spanish shorthand >>
(babel)             in language  on input line 10.
Package babel Info: Redefining spanish shorthand "=
(babel)             in language  on input line 10.
Package babel Info: Redefining spanish shorthand "~
(babel)             in language  on input line 10.
Package babel Info: Redefining spanish shorthand "!
(babel)             in language  on input line 10.
Package babel Info: Redefining spanish shorthand "?
(babel)             in language  on input line 10.
Package babel Info: Redefining spanish shorthand <<
(babel)             in language  on input line 10.
Package babel Info: Redefining spanish shorthand >>
(babel)             in language  on input line 10.
Package babel Info: Redefining spanish shorthand "=
(babel)             in language  on input line 10.
Package babel Info: Redefining spanish shorthand "~
(babel)             in language  on input line 10.
Package babel Info: Redefining spanish shorthand "!
(babel)             in language  on input line 10.
Package babel Info: Redefining spanish shorthand "?
(babel)             in language  on input line 10.
 [1

{/usr/local/texlive/2013/texmf-var/fonts/map/pdftex/updmap/pdftex.map} <./logo-
cio-nuevo.jpg>]

Package Fancyhdr Warning: \headheight is too small (12.0pt): 
 Make it at least 14.49998pt.
 We now make it that large for the rest of the document.
 This may cause the page layout to be inconsistent, however.

Package babel Info: Redefining spanish shorthand <<
(babel)             in language  on input line 28.
Package babel Info: Redefining spanish shorthand >>
(babel)             in language  on input line 28.
Package babel Info: Redefining spanish shorthand "=
(babel)             in language  on input line 28.
Package babel Info: Redefining spanish shorthand "~
(babel)             in language  on input line 28.
Package babel Info: Redefining spanish shorthand "!
(babel)             in language  on input line 28.
Package babel Info: Redefining spanish shorthand "?
(babel)             in language  on input line 28.
Package babel Info: Redefining spanish shorthand <<
(babel)             in language  on input line 28.
Package babel Info: Redefining spanish shorthand >>
(babel)             in language  on input line 28.
Package babel Info: Redefining spanish shorthand "=
(babel)             in language  on input line 28.
Package babel Info: Redefining spanish shorthand "~
(babel)             in language  on input line 28.
Package babel Info: Redefining spanish shorthand "!
(babel)             in language  on input line 28.
Package babel Info: Redefining spanish shorthand "?
(babel)             in language  on input line 28.
[2])
\tf@toc=\write4
\openout4 = `tiniba-manual.toc'.

Package babel Info: Redefining spanish shorthand <<
(babel)             in language  on input line 112.
Package babel Info: Redefining spanish shorthand >>
(babel)             in language  on input line 112.
Package babel Info: Redefining spanish shorthand "=
(babel)             in language  on input line 112.
Package babel Info: Redefining spanish shorthand "~
(babel)             in language  on input line 112.
Package babel Info: Redefining spanish shorthand "!
(babel)             in language  on input line 112.
Package babel Info: Redefining spanish shorthand "?
(babel)             in language  on input line 112.
Package babel Info: Redefining spanish shorthand <<
(babel)             in language  on input line 112.
Package babel Info: Redefining spanish shorthand >>
(babel)             in language  on input line 112.
Package babel Info: Redefining spanish shorthand "=
(babel)             in language  on input line 112.
Package babel Info: Redefining spanish shorthand "~
(babel)             in language  on input line 112.
Package babel Info: Redefining spanish shorthand "!
(babel)             in language  on input line 112.
Package babel Info: Redefining spanish shorthand "?
(babel)             in language  on input line 112.
 [3]
Package babel Info: Redefining spanish shorthand <<
(babel)             in language  on input line 113.
Package babel Info: Redefining spanish shorthand >>
(babel)             in language  on input line 113.
Package babel Info: Redefining spanish shorthand "=
(babel)             in language  on input line 113.
Package babel Info: Redefining spanish shorthand "~
(babel)             in language  on input line 113.
Package babel Info: Redefining spanish shorthand "!
(babel)             in language  on input line 113.
Package babel Info: Redefining spanish shorthand "?
(babel)             in language  on input line 113.
LaTeX Font Info:    Font shape `OMS/cmr/bx/n' in size <8> not available
(Font)              Font shape `OMS/cmsy/b/n' tried instead on input line 117.
Package babel Info: Redefining spanish shorthand <<
(babel)             in language  on input line 123.
Package babel Info: Redefining spanish shorthand >>
(babel)             in language  on input line 123.
Package babel Info: Redefining spanish shorthand "=
(babel)             in language  on input line 123.
Package babel Info: Redefining spanish shorthand "~
(babel)             in language  on input line 123.
Package babel Info: Redefining spanish shorthand "!
(babel)             in language  on input line 123.
Package babel Info: Redefining spanish shorthand "?
(babel)             in language  on input line 123.
Package babel Info: Redefining spanish shorthand <<
(babel)             in language  on input line 126.
Package babel Info: Redefining spanish shorthand >>
(babel)             in language  on input line 126.
Package babel Info: Redefining spanish shorthand "=
(babel)             in language  on input line 126.
Package babel Info: Redefining spanish shorthand "~
(babel)             in language  on input line 126.
Package babel Info: Redefining spanish shorthand "!
(babel)             in language  on input line 126.
Package babel Info: Redefining spanish shorthand "?
(babel)             in language  on input line 126.
LaTeX Font Info:    Font shape `OMS/cmr/m/n' in size <8> not available
(Font)              Font shape `OMS/cmsy/m/n' tried instead on input line 127.

Underfull \hbox (badness 10000) in paragraph at lines 127--130

 []

Package babel Info: Redefining spanish shorthand <<
(babel)             in language  on input line 131.
Package babel Info: Redefining spanish shorthand >>
(babel)             in language  on input line 131.
Package babel Info: Redefining spanish shorthand "=
(babel)             in language  on input line 131.
Package babel Info: Redefining spanish shorthand "~
(babel)             in language  on input line 131.
Package babel Info: Redefining spanish shorthand "!
(babel)             in language  on input line 131.
Package babel Info: Redefining spanish shorthand "?
(babel)             in language  on input line 131.
Package babel Info: Redefining spanish shorthand <<
(babel)             in language  on input line 137.
Package babel Info: Redefining spanish shorthand >>
(babel)             in language  on input line 137.
Package babel Info: Redefining spanish shorthand "=
(babel)             in language  on input line 137.
Package babel Info: Redefining spanish shorthand "~
(babel)             in language  on input line 137.
Package babel Info: Redefining spanish shorthand "!
(babel)             in language  on input line 137.
Package babel Info: Redefining spanish shorthand "?
(babel)             in language  on input line 137.
LaTeX Font Info:    Font shape `OMS/cmr/m/n' in size <12> not available
(Font)              Font shape `OMS/cmsy/m/n' tried instead on input line 140.
Package babel Info: Redefining spanish shorthand <<
(babel)             in language  on input line 148.
Package babel Info: Redefining spanish shorthand >>
(babel)             in language  on input line 148.
Package babel Info: Redefining spanish shorthand "=
(babel)             in language  on input line 148.
Package babel Info: Redefining spanish shorthand "~
(babel)             in language  on input line 148.
Package babel Info: Redefining spanish shorthand "!
(babel)             in language  on input line 148.
Package babel Info: Redefining spanish shorthand "?
(babel)             in language  on input line 148.
Package babel Info: Redefining spanish shorthand <<
(babel)             in language  on input line 148.
Package babel Info: Redefining spanish shorthand >>
(babel)             in language  on input line 148.
Package babel Info: Redefining spanish shorthand "=
(babel)             in language  on input line 148.
Package babel Info: Redefining spanish shorthand "~
(babel)             in language  on input line 148.
Package babel Info: Redefining spanish shorthand "!
(babel)             in language  on input line 148.
Package babel Info: Redefining spanish shorthand "?
(babel)             in language  on input line 148.
[4]
Package babel Info: Redefining spanish shorthand <<
(babel)             in language  on input line 181.
Package babel Info: Redefining spanish shorthand >>
(babel)             in language  on input line 181.
Package babel Info: Redefining spanish shorthand "=
(babel)             in language  on input line 181.
Package babel Info: Redefining spanish shorthand "~
(babel)             in language  on input line 181.
Package babel Info: Redefining spanish shorthand "!
(babel)             in language  on input line 181.
Package babel Info: Redefining spanish shorthand "?
(babel)             in language  on input line 181.
Package babel Info: Redefining spanish shorthand <<
(babel)             in language  on input line 191.
Package babel Info: Redefining spanish shorthand >>
(babel)             in language  on input line 191.
Package babel Info: Redefining spanish shorthand "=
(babel)             in language  on input line 191.
Package babel Info: Redefining spanish shorthand "~
(babel)             in language  on input line 191.
Package babel Info: Redefining spanish shorthand "!
(babel)             in language  on input line 191.
Package babel Info: Redefining spanish shorthand "?
(babel)             in language  on input line 191.
Package babel Info: Redefining spanish shorthand <<
(babel)             in language  on input line 191.
Package babel Info: Redefining spanish shorthand >>
(babel)             in language  on input line 191.
Package babel Info: Redefining spanish shorthand "=
(babel)             in language  on input line 191.
Package babel Info: Redefining spanish shorthand "~
(babel)             in language  on input line 191.
Package babel Info: Redefining spanish shorthand "!
(babel)             in language  on input line 191.
Package babel Info: Redefining spanish shorthand "?
(babel)             in language  on input line 191.
 [5]
Package babel Info: Redefining spanish shorthand <<
(babel)             in language  on input line 199.
Package babel Info: Redefining spanish shorthand >>
(babel)             in language  on input line 199.
Package babel Info: Redefining spanish shorthand "=
(babel)             in language  on input line 199.
Package babel Info: Redefining spanish shorthand "~
(babel)             in language  on input line 199.
Package babel Info: Redefining spanish shorthand "!
(babel)             in language  on input line 199.
Package babel Info: Redefining spanish shorthand "?
(babel)             in language  on input line 199.
Package babel Info: Redefining spanish shorthand <<
(babel)             in language  on input line 209.
Package babel Info: Redefining spanish shorthand >>
(babel)             in language  on input line 209.
Package babel Info: Redefining spanish shorthand "=
(babel)             in language  on input line 209.
Package babel Info: Redefining spanish shorthand "~
(babel)             in language  on input line 209.
Package babel Info: Redefining spanish shorthand "!
(babel)             in language  on input line 209.
Package babel Info: Redefining spanish shorthand "?
(babel)             in language  on input line 209.
Package babel Info: Redefining spanish shorthand <<
(babel)             in language  on input line 218.
Package babel Info: Redefining spanish shorthand >>
(babel)             in language  on input line 218.
Package babel Info: Redefining spanish shorthand "=
(babel)             in language  on input line 218.
Package babel Info: Redefining spanish shorthand "~
(babel)             in language  on input line 218.
Package babel Info: Redefining spanish shorthand "!
(babel)             in language  on input line 218.
Package babel Info: Redefining spanish shorthand "?
(babel)             in language  on input line 218.
Package babel Info: Redefining spanish shorthand <<
(babel)             in language  on input line 218.
Package babel Info: Redefining spanish shorthand >>
(babel)             in language  on input line 218.
Package babel Info: Redefining spanish shorthand "=
(babel)             in language  on input line 218.
Package babel Info: Redefining spanish shorthand "~
(babel)             in language  on input line 218.
Package babel Info: Redefining spanish shorthand "!
(babel)             in language  on input line 218.
Package babel Info: Redefining spanish shorthand "?
(babel)             in language  on input line 218.
 [6]
Package babel Info: Redefining spanish shorthand <<
(babel)             in language  on input line 226.
Package babel Info: Redefining spanish shorthand >>
(babel)             in language  on input line 226.
Package babel Info: Redefining spanish shorthand "=
(babel)             in language  on input line 226.
Package babel Info: Redefining spanish shorthand "~
(babel)             in language  on input line 226.
Package babel Info: Redefining spanish shorthand "!
(babel)             in language  on input line 226.
Package babel Info: Redefining spanish shorthand "?
(babel)             in language  on input line 226.

Underfull \hbox (badness 10000) in paragraph at lines 240--241

 []

Package babel Info: Redefining spanish shorthand <<
(babel)             in language  on input line 256.
Package babel Info: Redefining spanish shorthand >>
(babel)             in language  on input line 256.
Package babel Info: Redefining spanish shorthand "=
(babel)             in language  on input line 256.
Package babel Info: Redefining spanish shorthand "~
(babel)             in language  on input line 256.
Package babel Info: Redefining spanish shorthand "!
(babel)             in language  on input line 256.
Package babel Info: Redefining spanish shorthand "?
(babel)             in language  on input line 256.
Package babel Info: Redefining spanish shorthand <<
(babel)             in language  on input line 256.
Package babel Info: Redefining spanish shorthand >>
(babel)             in language  on input line 256.
Package babel Info: Redefining spanish shorthand "=
(babel)             in language  on input line 256.
Package babel Info: Redefining spanish shorthand "~
(babel)             in language  on input line 256.
Package babel Info: Redefining spanish shorthand "!
(babel)             in language  on input line 256.
Package babel Info: Redefining spanish shorthand "?
(babel)             in language  on input line 256.
[7]
Overfull \hbox (19.52562pt too wide) in paragraph at lines 296--301
[]\OT1/cmr/m/n/12 The []\OT1/cmtt/m/n/12 setUpAbinit_si_as_6.in\OT1/cmr/m/n/12 
, []\OT1/cmtt/m/n/12 si_as_6.xyz \OT1/cmr/m/n/12 and []\OT1/cmtt/m/n/12 .machin
es_*.original
 []

Package babel Info: Redefining spanish shorthand <<
(babel)             in language  on input line 301.
Package babel Info: Redefining spanish shorthand >>
(babel)             in language  on input line 301.
Package babel Info: Redefining spanish shorthand "=
(babel)             in language  on input line 301.
Package babel Info: Redefining spanish shorthand "~
(babel)             in language  on input line 301.
Package babel Info: Redefining spanish shorthand "!
(babel)             in language  on input line 301.
Package babel Info: Redefining spanish shorthand "?
(babel)             in language  on input line 301.
Package babel Info: Redefining spanish shorthand <<
(babel)             in language  on input line 301.
Package babel Info: Redefining spanish shorthand >>
(babel)             in language  on input line 301.
Package babel Info: Redefining spanish shorthand "=
(babel)             in language  on input line 301.
Package babel Info: Redefining spanish shorthand "~
(babel)             in language  on input line 301.
Package babel Info: Redefining spanish shorthand "!
(babel)             in language  on input line 301.
Package babel Info: Redefining spanish shorthand "?
(babel)             in language  on input line 301.
[8]
Overfull \hbox (8.0048pt too wide) in paragraph at lines 307--309
[]\OT1/cmr/m/n/10.95 Check that the in-put pa-ra-me-ters are con-sis-tently ta-
ken. i.e. with/without
 []


Overfull \hbox (2.32253pt too wide) in paragraph at lines 314--315
[][]\OT1/cmtt/m/n/12 .machines_latm.original \OT1/cmr/m/n/12 for the in-te-gran
ds ([]only one CPU from
 []

Package babel Info: Redefining spanish shorthand <<
(babel)             in language  on input line 350.
Package babel Info: Redefining spanish shorthand >>
(babel)             in language  on input line 350.
Package babel Info: Redefining spanish shorthand "=
(babel)             in language  on input line 350.
Package babel Info: Redefining spanish shorthand "~
(babel)             in language  on input line 350.
Package babel Info: Redefining spanish shorthand "!
(babel)             in language  on input line 350.
Package babel Info: Redefining spanish shorthand "?
(babel)             in language  on input line 350.
Package babel Info: Redefining spanish shorthand <<
(babel)             in language  on input line 350.
Package babel Info: Redefining spanish shorthand >>
(babel)             in language  on input line 350.
Package babel Info: Redefining spanish shorthand "=
(babel)             in language  on input line 350.
Package babel Info: Redefining spanish shorthand "~
(babel)             in language  on input line 350.
Package babel Info: Redefining spanish shorthand "!
(babel)             in language  on input line 350.
Package babel Info: Redefining spanish shorthand "?
(babel)             in language  on input line 350.
[9]
Package babel Info: Redefining spanish shorthand <<
(babel)             in language  on input line 390.
Package babel Info: Redefining spanish shorthand >>
(babel)             in language  on input line 390.
Package babel Info: Redefining spanish shorthand "=
(babel)             in language  on input line 390.
Package babel Info: Redefining spanish shorthand "~
(babel)             in language  on input line 390.
Package babel Info: Redefining spanish shorthand "!
(babel)             in language  on input line 390.
Package babel Info: Redefining spanish shorthand "?
(babel)             in language  on input line 390.
Package babel Info: Redefining spanish shorthand <<
(babel)             in language  on input line 390.
Package babel Info: Redefining spanish shorthand >>
(babel)             in language  on input line 390.
Package babel Info: Redefining spanish shorthand "=
(babel)             in language  on input line 390.
Package babel Info: Redefining spanish shorthand "~
(babel)             in language  on input line 390.
Package babel Info: Redefining spanish shorthand "!
(babel)             in language  on input line 390.
Package babel Info: Redefining spanish shorthand "?
(babel)             in language  on input line 390.
 [10]
Overfull \hbox (39.52281pt too wide) in paragraph at lines 401--403
[]\OT1/cmr/m/n/12 This dis-tri-bu-tes $\OML/cmm/m/it/12 N[]$ \OT1/cmr/m/n/12 po
ints in the no-des gi-ven in []\OT1/cmtt/m/n/12 .machines_pmn.original 
 []

Package babel Info: Redefining spanish shorthand <<
(babel)             in language  on input line 421.
Package babel Info: Redefining spanish shorthand >>
(babel)             in language  on input line 421.
Package babel Info: Redefining spanish shorthand "=
(babel)             in language  on input line 421.
Package babel Info: Redefining spanish shorthand "~
(babel)             in language  on input line 421.
Package babel Info: Redefining spanish shorthand "!
(babel)             in language  on input line 421.
Package babel Info: Redefining spanish shorthand "?
(babel)             in language  on input line 421.
Package babel Info: Redefining spanish shorthand <<
(babel)             in language  on input line 421.
Package babel Info: Redefining spanish shorthand >>
(babel)             in language  on input line 421.
Package babel Info: Redefining spanish shorthand "=
(babel)             in language  on input line 421.
Package babel Info: Redefining spanish shorthand "~
(babel)             in language  on input line 421.
Package babel Info: Redefining spanish shorthand "!
(babel)             in language  on input line 421.
Package babel Info: Redefining spanish shorthand "?
(babel)             in language  on input line 421.
[11]
Overfull \hbox (3.69987pt too wide) in paragraph at lines 433--433
 []   \OT1/cmtt/m/n/12 -p      Momentum Matrix Elements p_{mn}(k), includes m=n
[] 
 []


Overfull \hbox (40.7499pt too wide) in paragraph at lines 436--436
 []   \OT1/cmtt/m/n/12 -l      Layered Diagonal Momentum Matrix Elements calp_{
mm}(k)[] 
 []

Package babel Info: Redefining spanish shorthand <<
(babel)             in language  on input line 480.
Package babel Info: Redefining spanish shorthand >>
(babel)             in language  on input line 480.
Package babel Info: Redefining spanish shorthand "=
(babel)             in language  on input line 480.
Package babel Info: Redefining spanish shorthand "~
(babel)             in language  on input line 480.
Package babel Info: Redefining spanish shorthand "!
(babel)             in language  on input line 480.
Package babel Info: Redefining spanish shorthand "?
(babel)             in language  on input line 480.
Package babel Info: Redefining spanish shorthand <<
(babel)             in language  on input line 480.
Package babel Info: Redefining spanish shorthand >>
(babel)             in language  on input line 480.
Package babel Info: Redefining spanish shorthand "=
(babel)             in language  on input line 480.
Package babel Info: Redefining spanish shorthand "~
(babel)             in language  on input line 480.
Package babel Info: Redefining spanish shorthand "!
(babel)             in language  on input line 480.
Package babel Info: Redefining spanish shorthand "?
(babel)             in language  on input line 480.
[12] <plots/3drho.pdf, id=242, 329.23pt x 138.5175pt>
File: plots/3drho.pdf Graphic file (type pdf)
 <use plots/3drho.pdf>
Package pdftex.def Info: plots/3drho.pdf used on input line 507.
(pdftex.def)             Requested size: 329.22919pt x 138.51715pt.
Package babel Info: Redefining spanish shorthand <<
(babel)             in language  on input line 519.
Package babel Info: Redefining spanish shorthand >>
(babel)             in language  on input line 519.
Package babel Info: Redefining spanish shorthand "=
(babel)             in language  on input line 519.
Package babel Info: Redefining spanish shorthand "~
(babel)             in language  on input line 519.
Package babel Info: Redefining spanish shorthand "!
(babel)             in language  on input line 519.
Package babel Info: Redefining spanish shorthand "?
(babel)             in language  on input line 519.
Package babel Info: Redefining spanish shorthand <<
(babel)             in language  on input line 519.
Package babel Info: Redefining spanish shorthand >>
(babel)             in language  on input line 519.
Package babel Info: Redefining spanish shorthand "=
(babel)             in language  on input line 519.
Package babel Info: Redefining spanish shorthand "~
(babel)             in language  on input line 519.
Package babel Info: Redefining spanish shorthand "!
(babel)             in language  on input line 519.
Package babel Info: Redefining spanish shorthand "?
(babel)             in language  on input line 519.

[13 <./plots/3drho.pdf>]
Overfull \hbox (3.12766pt too wide) in paragraph at lines 535--537
[]\OT1/cmr/m/n/12 to era-se the SCF cal-cu-la-tion.[]Warning: this era-ses the 
wave-function
 []

Package babel Info: Redefining spanish shorthand <<
(babel)             in language  on input line 542.
Package babel Info: Redefining spanish shorthand >>
(babel)             in language  on input line 542.
Package babel Info: Redefining spanish shorthand "=
(babel)             in language  on input line 542.
Package babel Info: Redefining spanish shorthand "~
(babel)             in language  on input line 542.
Package babel Info: Redefining spanish shorthand "!
(babel)             in language  on input line 542.
Package babel Info: Redefining spanish shorthand "?
(babel)             in language  on input line 542.

Underfull \hbox (badness 10000) in paragraph at lines 550--554

 []

Package babel Info: Redefining spanish shorthand <<
(babel)             in language  on input line 555.
Package babel Info: Redefining spanish shorthand >>
(babel)             in language  on input line 555.
Package babel Info: Redefining spanish shorthand "=
(babel)             in language  on input line 555.
Package babel Info: Redefining spanish shorthand "~
(babel)             in language  on input line 555.
Package babel Info: Redefining spanish shorthand "!
(babel)             in language  on input line 555.
Package babel Info: Redefining spanish shorthand "?
(babel)             in language  on input line 555.
Package babel Info: Redefining spanish shorthand <<
(babel)             in language  on input line 566.
Package babel Info: Redefining spanish shorthand >>
(babel)             in language  on input line 566.
Package babel Info: Redefining spanish shorthand "=
(babel)             in language  on input line 566.
Package babel Info: Redefining spanish shorthand "~
(babel)             in language  on input line 566.
Package babel Info: Redefining spanish shorthand "!
(babel)             in language  on input line 566.
Package babel Info: Redefining spanish shorthand "?
(babel)             in language  on input line 566.
Package babel Info: Redefining spanish shorthand <<
(babel)             in language  on input line 566.
Package babel Info: Redefining spanish shorthand >>
(babel)             in language  on input line 566.
Package babel Info: Redefining spanish shorthand "=
(babel)             in language  on input line 566.
Package babel Info: Redefining spanish shorthand "~
(babel)             in language  on input line 566.
Package babel Info: Redefining spanish shorthand "!
(babel)             in language  on input line 566.
Package babel Info: Redefining spanish shorthand "?
(babel)             in language  on input line 566.
[14]
Underfull \hbox (badness 10000) in paragraph at lines 576--586

 []


Overfull \hbox (37.66609pt too wide) in paragraph at lines 576--586
[]
 []


Underfull \hbox (badness 10000) in paragraph at lines 597--605

 []


Underfull \hbox (badness 10000) in paragraph at lines 597--605

 []

Package babel Info: Redefining spanish shorthand <<
(babel)             in language  on input line 612.
Package babel Info: Redefining spanish shorthand >>
(babel)             in language  on input line 612.
Package babel Info: Redefining spanish shorthand "=
(babel)             in language  on input line 612.
Package babel Info: Redefining spanish shorthand "~
(babel)             in language  on input line 612.
Package babel Info: Redefining spanish shorthand "!
(babel)             in language  on input line 612.
Package babel Info: Redefining spanish shorthand "?
(babel)             in language  on input line 612.
Package babel Info: Redefining spanish shorthand <<
(babel)             in language  on input line 612.
Package babel Info: Redefining spanish shorthand >>
(babel)             in language  on input line 612.
Package babel Info: Redefining spanish shorthand "=
(babel)             in language  on input line 612.
Package babel Info: Redefining spanish shorthand "~
(babel)             in language  on input line 612.
Package babel Info: Redefining spanish shorthand "!
(babel)             in language  on input line 612.
Package babel Info: Redefining spanish shorthand "?
(babel)             in language  on input line 612.
[15]
Package babel Info: Redefining spanish shorthand <<
(babel)             in language  on input line 623.
Package babel Info: Redefining spanish shorthand >>
(babel)             in language  on input line 623.
Package babel Info: Redefining spanish shorthand "=
(babel)             in language  on input line 623.
Package babel Info: Redefining spanish shorthand "~
(babel)             in language  on input line 623.
Package babel Info: Redefining spanish shorthand "!
(babel)             in language  on input line 623.
Package babel Info: Redefining spanish shorthand "?
(babel)             in language  on input line 623.
Package babel Info: Redefining spanish shorthand <<
(babel)             in language  on input line 624.
Package babel Info: Redefining spanish shorthand >>
(babel)             in language  on input line 624.
Package babel Info: Redefining spanish shorthand "=
(babel)             in language  on input line 624.
Package babel Info: Redefining spanish shorthand "~
(babel)             in language  on input line 624.
Package babel Info: Redefining spanish shorthand "!
(babel)             in language  on input line 624.
Package babel Info: Redefining spanish shorthand "?
(babel)             in language  on input line 624.
 <plots/shg-bulk.pdf, id=295, 347.2975pt x 210.7875pt>
File: plots/shg-bulk.pdf Graphic file (type pdf)

<use plots/shg-bulk.pdf>
Package pdftex.def Info: plots/shg-bulk.pdf used on input line 630.
(pdftex.def)             Requested size: 173.64832pt x 105.3935pt.

<plots/shg-surface.pdf, id=296, 347.2975pt x 210.7875pt>
File: plots/shg-surface.pdf Graphic file (type pdf)

<use plots/shg-surface.pdf>
Package pdftex.def Info: plots/shg-surface.pdf used on input line 640.
(pdftex.def)             Requested size: 173.64832pt x 105.3935pt.
Package babel Info: Redefining spanish shorthand <<
(babel)             in language  on input line 648.
Package babel Info: Redefining spanish shorthand >>
(babel)             in language  on input line 648.
Package babel Info: Redefining spanish shorthand "=
(babel)             in language  on input line 648.
Package babel Info: Redefining spanish shorthand "~
(babel)             in language  on input line 648.
Package babel Info: Redefining spanish shorthand "!
(babel)             in language  on input line 648.
Package babel Info: Redefining spanish shorthand "?
(babel)             in language  on input line 648.
Package babel Info: Redefining spanish shorthand <<
(babel)             in language  on input line 653.
Package babel Info: Redefining spanish shorthand >>
(babel)             in language  on input line 653.
Package babel Info: Redefining spanish shorthand "=
(babel)             in language  on input line 653.
Package babel Info: Redefining spanish shorthand "~
(babel)             in language  on input line 653.
Package babel Info: Redefining spanish shorthand "!
(babel)             in language  on input line 653.
Package babel Info: Redefining spanish shorthand "?
(babel)             in language  on input line 653.
Package babel Info: Redefining spanish shorthand <<
(babel)             in language  on input line 653.
Package babel Info: Redefining spanish shorthand >>
(babel)             in language  on input line 653.
Package babel Info: Redefining spanish shorthand "=
(babel)             in language  on input line 653.
Package babel Info: Redefining spanish shorthand "~
(babel)             in language  on input line 653.
Package babel Info: Redefining spanish shorthand "!
(babel)             in language  on input line 653.
Package babel Info: Redefining spanish shorthand "?
(babel)             in language  on input line 653.
 [16 <./plots/shg-bulk.pdf>]
Package babel Info: Redefining spanish shorthand <<
(babel)             in language  on input line 655.
Package babel Info: Redefining spanish shorthand >>
(babel)             in language  on input line 655.
Package babel Info: Redefining spanish shorthand "=
(babel)             in language  on input line 655.
Package babel Info: Redefining spanish shorthand "~
(babel)             in language  on input line 655.
Package babel Info: Redefining spanish shorthand "!
(babel)             in language  on input line 655.
Package babel Info: Redefining spanish shorthand "?
(babel)             in language  on input line 655.

Underfull \hbox (badness 10000) in paragraph at lines 665--667

 []

Package babel Info: Redefining spanish shorthand <<
(babel)             in language  on input line 668.
Package babel Info: Redefining spanish shorthand >>
(babel)             in language  on input line 668.
Package babel Info: Redefining spanish shorthand "=
(babel)             in language  on input line 668.
Package babel Info: Redefining spanish shorthand "~
(babel)             in language  on input line 668.
Package babel Info: Redefining spanish shorthand "!
(babel)             in language  on input line 668.
Package babel Info: Redefining spanish shorthand "?
(babel)             in language  on input line 668.
Package babel Info: Redefining spanish shorthand <<
(babel)             in language  on input line 677.
Package babel Info: Redefining spanish shorthand >>
(babel)             in language  on input line 677.
Package babel Info: Redefining spanish shorthand "=
(babel)             in language  on input line 677.
Package babel Info: Redefining spanish shorthand "~
(babel)             in language  on input line 677.
Package babel Info: Redefining spanish shorthand "!
(babel)             in language  on input line 677.
Package babel Info: Redefining spanish shorthand "?
(babel)             in language  on input line 677.
Package babel Info: Redefining spanish shorthand <<
(babel)             in language  on input line 677.
Package babel Info: Redefining spanish shorthand >>
(babel)             in language  on input line 677.
Package babel Info: Redefining spanish shorthand "=
(babel)             in language  on input line 677.
Package babel Info: Redefining spanish shorthand "~
(babel)             in language  on input line 677.
Package babel Info: Redefining spanish shorthand "!
(babel)             in language  on input line 677.
Package babel Info: Redefining spanish shorthand "?
(babel)             in language  on input line 677.
[17 <./plots/shg-surface.pdf>]
Overfull \hbox (9.43057pt too wide) in paragraph at lines 681--693
\OT1/cmr/m/n/12 Then you ha-ve to link the new mo-du-le to the-se next su-brou-
ti-nes/modules: 
 []


Overfull \hbox (22.81874pt too wide) in paragraph at lines 702--704
\OT1/cmr/m/n/12 Notice that the ca-se num-ber is ar-bi-trary but is is lin-ked 
to the []\OT1/cmtt/m/n/12 ONLY :: SHG1 
 []

Package babel Info: Redefining spanish shorthand <<
(babel)             in language  on input line 718.
Package babel Info: Redefining spanish shorthand >>
(babel)             in language  on input line 718.
Package babel Info: Redefining spanish shorthand "=
(babel)             in language  on input line 718.
Package babel Info: Redefining spanish shorthand "~
(babel)             in language  on input line 718.
Package babel Info: Redefining spanish shorthand "!
(babel)             in language  on input line 718.
Package babel Info: Redefining spanish shorthand "?
(babel)             in language  on input line 718.
Package babel Info: Redefining spanish shorthand <<
(babel)             in language  on input line 718.
Package babel Info: Redefining spanish shorthand >>
(babel)             in language  on input line 718.
Package babel Info: Redefining spanish shorthand "=
(babel)             in language  on input line 718.
Package babel Info: Redefining spanish shorthand "~
(babel)             in language  on input line 718.
Package babel Info: Redefining spanish shorthand "!
(babel)             in language  on input line 718.
Package babel Info: Redefining spanish shorthand "?
(babel)             in language  on input line 718.
[18]
Overfull \hbox (4.84955pt too wide) in paragraph at lines 718--724
[]  \OT1/cmtt/m/n/12 WRITE(6,*) "Second-harmonic generation: Length Gauge" 
 []


Overfull \hbox (66.59958pt too wide) in paragraph at lines 731--733
[][]\OT1/cmtt/m/n/12 USE IntegrandSHG1Mod, ONLY : SHG1_factor, SHG1DeltaFunctio
nFactor 
 []

Package babel Info: Redefining spanish shorthand <<
(babel)             in language  on input line 773.
Package babel Info: Redefining spanish shorthand >>
(babel)             in language  on input line 773.
Package babel Info: Redefining spanish shorthand "=
(babel)             in language  on input line 773.
Package babel Info: Redefining spanish shorthand "~
(babel)             in language  on input line 773.
Package babel Info: Redefining spanish shorthand "!
(babel)             in language  on input line 773.
Package babel Info: Redefining spanish shorthand "?
(babel)             in language  on input line 773.
Package babel Info: Redefining spanish shorthand <<
(babel)             in language  on input line 773.
Package babel Info: Redefining spanish shorthand >>
(babel)             in language  on input line 773.
Package babel Info: Redefining spanish shorthand "=
(babel)             in language  on input line 773.
Package babel Info: Redefining spanish shorthand "~
(babel)             in language  on input line 773.
Package babel Info: Redefining spanish shorthand "!
(babel)             in language  on input line 773.
Package babel Info: Redefining spanish shorthand "?
(babel)             in language  on input line 773.
[19]
Package babel Info: Redefining spanish shorthand <<
(babel)             in language  on input line 781.
Package babel Info: Redefining spanish shorthand >>
(babel)             in language  on input line 781.
Package babel Info: Redefining spanish shorthand "=
(babel)             in language  on input line 781.
Package babel Info: Redefining spanish shorthand "~
(babel)             in language  on input line 781.
Package babel Info: Redefining spanish shorthand "!
(babel)             in language  on input line 781.
Package babel Info: Redefining spanish shorthand "?
(babel)             in language  on input line 781.
Package babel Info: Redefining spanish shorthand <<
(babel)             in language  on input line 829.
Package babel Info: Redefining spanish shorthand >>
(babel)             in language  on input line 829.
Package babel Info: Redefining spanish shorthand "=
(babel)             in language  on input line 829.
Package babel Info: Redefining spanish shorthand "~
(babel)             in language  on input line 829.
Package babel Info: Redefining spanish shorthand "!
(babel)             in language  on input line 829.
Package babel Info: Redefining spanish shorthand "?
(babel)             in language  on input line 829.
Package babel Info: Redefining spanish shorthand <<
(babel)             in language  on input line 829.
Package babel Info: Redefining spanish shorthand >>
(babel)             in language  on input line 829.
Package babel Info: Redefining spanish shorthand "=
(babel)             in language  on input line 829.
Package babel Info: Redefining spanish shorthand "~
(babel)             in language  on input line 829.
Package babel Info: Redefining spanish shorthand "!
(babel)             in language  on input line 829.
Package babel Info: Redefining spanish shorthand "?
(babel)             in language  on input line 829.
 [20]
Package babel Info: Redefining spanish shorthand <<
(babel)             in language  on input line 869.
Package babel Info: Redefining spanish shorthand >>
(babel)             in language  on input line 869.
Package babel Info: Redefining spanish shorthand "=
(babel)             in language  on input line 869.
Package babel Info: Redefining spanish shorthand "~
(babel)             in language  on input line 869.
Package babel Info: Redefining spanish shorthand "!
(babel)             in language  on input line 869.
Package babel Info: Redefining spanish shorthand "?
(babel)             in language  on input line 869.
Package babel Info: Redefining spanish shorthand <<
(babel)             in language  on input line 869.
Package babel Info: Redefining spanish shorthand >>
(babel)             in language  on input line 869.
Package babel Info: Redefining spanish shorthand "=
(babel)             in language  on input line 869.
Package babel Info: Redefining spanish shorthand "~
(babel)             in language  on input line 869.
Package babel Info: Redefining spanish shorthand "!
(babel)             in language  on input line 869.
Package babel Info: Redefining spanish shorthand "?
(babel)             in language  on input line 869.
 [21]
Package babel Info: Redefining spanish shorthand <<
(babel)             in language  on input line 915.
Package babel Info: Redefining spanish shorthand >>
(babel)             in language  on input line 915.
Package babel Info: Redefining spanish shorthand "=
(babel)             in language  on input line 915.
Package babel Info: Redefining spanish shorthand "~
(babel)             in language  on input line 915.
Package babel Info: Redefining spanish shorthand "!
(babel)             in language  on input line 915.
Package babel Info: Redefining spanish shorthand "?
(babel)             in language  on input line 915.
Package babel Info: Redefining spanish shorthand <<
(babel)             in language  on input line 915.
Package babel Info: Redefining spanish shorthand >>
(babel)             in language  on input line 915.
Package babel Info: Redefining spanish shorthand "=
(babel)             in language  on input line 915.
Package babel Info: Redefining spanish shorthand "~
(babel)             in language  on input line 915.
Package babel Info: Redefining spanish shorthand "!
(babel)             in language  on input line 915.
Package babel Info: Redefining spanish shorthand "?
(babel)             in language  on input line 915.
 [22]
Overfull \hbox (14.15063pt too wide) in paragraph at lines 938--942
[]\OT1/cmr/m/n/12 you may want to play with the []\OT1/cmtt/m/n/12 SUBROUTINE W
hich_Transitions
 []


Overfull \hbox (17.85632pt too wide) in paragraph at lines 938--942
\OT1/cmr/m/n/12 to cho-se par-ti-cu-lar tran-si-tions, i.e. look in []\OT1/cmtt
/m/n/12 tetra_method_vc.f90\OT1/cmr/m/n/12 ,
 []

Package babel Info: Redefining spanish shorthand <<
(babel)             in language  on input line 961.
Package babel Info: Redefining spanish shorthand >>
(babel)             in language  on input line 961.
Package babel Info: Redefining spanish shorthand "=
(babel)             in language  on input line 961.
Package babel Info: Redefining spanish shorthand "~
(babel)             in language  on input line 961.
Package babel Info: Redefining spanish shorthand "!
(babel)             in language  on input line 961.
Package babel Info: Redefining spanish shorthand "?
(babel)             in language  on input line 961.
Package babel Info: Redefining spanish shorthand <<
(babel)             in language  on input line 961.
Package babel Info: Redefining spanish shorthand >>
(babel)             in language  on input line 961.
Package babel Info: Redefining spanish shorthand "=
(babel)             in language  on input line 961.
Package babel Info: Redefining spanish shorthand "~
(babel)             in language  on input line 961.
Package babel Info: Redefining spanish shorthand "!
(babel)             in language  on input line 961.
Package babel Info: Redefining spanish shorthand "?
(babel)             in language  on input line 961.
[23]
Overfull \hbox (1.12154pt too wide) in paragraph at lines 985--991
[]\OT1/cmr/m/n/12 edit []\OT1/cmtt/m/n/12 $TINIBA/utils/responses.txt \OT1/cmr/
m/n/12 and add the num-ber and
 []

Package babel Info: Redefining spanish shorthand <<
(babel)             in language  on input line 1002.
Package babel Info: Redefining spanish shorthand >>
(babel)             in language  on input line 1002.
Package babel Info: Redefining spanish shorthand "=
(babel)             in language  on input line 1002.
Package babel Info: Redefining spanish shorthand "~
(babel)             in language  on input line 1002.
Package babel Info: Redefining spanish shorthand "!
(babel)             in language  on input line 1002.
Package babel Info: Redefining spanish shorthand "?
(babel)             in language  on input line 1002.
Package babel Info: Redefining spanish shorthand <<
(babel)             in language  on input line 1022.
Package babel Info: Redefining spanish shorthand >>
(babel)             in language  on input line 1022.
Package babel Info: Redefining spanish shorthand "=
(babel)             in language  on input line 1022.
Package babel Info: Redefining spanish shorthand "~
(babel)             in language  on input line 1022.
Package babel Info: Redefining spanish shorthand "!
(babel)             in language  on input line 1022.
Package babel Info: Redefining spanish shorthand "?
(babel)             in language  on input line 1022.
Package babel Info: Redefining spanish shorthand <<
(babel)             in language  on input line 1022.
Package babel Info: Redefining spanish shorthand >>
(babel)             in language  on input line 1022.
Package babel Info: Redefining spanish shorthand "=
(babel)             in language  on input line 1022.
Package babel Info: Redefining spanish shorthand "~
(babel)             in language  on input line 1022.
Package babel Info: Redefining spanish shorthand "!
(babel)             in language  on input line 1022.
Package babel Info: Redefining spanish shorthand "?
(babel)             in language  on input line 1022.
[24]
Package babel Info: Redefining spanish shorthand <<
(babel)             in language  on input line 1027.
Package babel Info: Redefining spanish shorthand >>
(babel)             in language  on input line 1027.
Package babel Info: Redefining spanish shorthand "=
(babel)             in language  on input line 1027.
Package babel Info: Redefining spanish shorthand "~
(babel)             in language  on input line 1027.
Package babel Info: Redefining spanish shorthand "!
(babel)             in language  on input line 1027.
Package babel Info: Redefining spanish shorthand "?
(babel)             in language  on input line 1027.

Overfull \hbox (51.04718pt too wide) in alignment at lines 1097--1116
 [][][] []
 []

Package babel Info: Redefining spanish shorthand <<
(babel)             in language  on input line 1116.
Package babel Info: Redefining spanish shorthand >>
(babel)             in language  on input line 1116.
Package babel Info: Redefining spanish shorthand "=
(babel)             in language  on input line 1116.
Package babel Info: Redefining spanish shorthand "~
(babel)             in language  on input line 1116.
Package babel Info: Redefining spanish shorthand "!
(babel)             in language  on input line 1116.
Package babel Info: Redefining spanish shorthand "?
(babel)             in language  on input line 1116.
Package babel Info: Redefining spanish shorthand <<
(babel)             in language  on input line 1116.
Package babel Info: Redefining spanish shorthand >>
(babel)             in language  on input line 1116.
Package babel Info: Redefining spanish shorthand "=
(babel)             in language  on input line 1116.
Package babel Info: Redefining spanish shorthand "~
(babel)             in language  on input line 1116.
Package babel Info: Redefining spanish shorthand "!
(babel)             in language  on input line 1116.
Package babel Info: Redefining spanish shorthand "?
(babel)             in language  on input line 1116.
[25]
Overfull \hbox (40.57475pt too wide) in paragraph at lines 1119--1121
[]\OT1/cmr/m/n/12 Length-Gauge: La-ye-red res-pon-se by bms-unpublished. See []
\OT1/cmtt/m/n/12 shg-layer.pdf 
 []


Overfull \hbox (92.52423pt too wide) detected at line 1135
[]\OT1/cmr/m/n/12 [\OML/cmm/m/it/12 ^^_[]\OT1/cmr/m/n/12 ] = [] [] [] [] \OML/c
mm/m/it/12 ^^N\OT1/cmr/m/n/12 (\OML/cmm/m/it/12 ![] \OMS/cmsy/m/n/12 ^^@ \OML/c
mm/m/it/12 !\OT1/cmr/m/n/12 )[]
 []


Overfull \hbox (75.78946pt too wide) detected at line 1148
[]\OT1/cmr/m/n/12 [\OML/cmm/m/it/12 ^^_[]\OT1/cmr/m/n/12 ] = [] [] [] [] \OML/c
mm/m/it/12 ^^N\OT1/cmr/m/n/12 (\OML/cmm/m/it/12 ![] \OMS/cmsy/m/n/12 ^^@ \OML/c
mm/m/it/12 !\OT1/cmr/m/n/12 )[]
 []


Overfull \hbox (106.30885pt too wide) detected at line 1165
[]\OT1/cmr/m/n/12 [\OML/cmm/m/it/12 ^^_[]\OT1/cmr/m/n/12 ] = [] [] 4 [] \OML/cm
m/m/it/12 ^^N\OT1/cmr/m/n/12 (\OML/cmm/m/it/12 ![] \OMS/cmsy/m/n/12 ^^@ \OT1/cm
r/m/n/12 2\OML/cmm/m/it/12 !\OT1/cmr/m/n/12 )[]
 []


Overfull \hbox (84.10905pt too wide) detected at line 1176
[]\OT1/cmr/m/n/12 [\OML/cmm/m/it/12 ^^_[]\OT1/cmr/m/n/12 ] = [] [] [] [] \OML/c
mm/m/it/12 ^^N\OT1/cmr/m/n/12 (\OML/cmm/m/it/12 ![] \OMS/cmsy/m/n/12 ^^@ \OT1/c
mr/m/n/12 2\OML/cmm/m/it/12 !\OT1/cmr/m/n/12 )[]
 []


Overfull \hbox (11.22658pt too wide) detected at line 1198
\OML/cmm/m/it/12 ^^Q[]\OT1/cmr/m/n/12 (\OML/cmm/m/it/12 `\OMS/cmsy/m/n/12 j\OT1
/cmr/m/n/12 0; \OML/cmm/m/it/12 !; \OMS/cmsy/m/n/12 ^^@\OML/cmm/m/it/12 !\OT1/c
mr/m/n/12 ) = [] [] [] [] ^^A[](\OML/cmm/m/it/12 `\OT1/cmr/m/n/12 ; \OT1/cmr/bx
/n/12 k\OT1/cmr/m/n/12 )[][]\OML/cmm/m/it/12 r[]\OT1/cmr/m/n/12 (\OT1/cmr/bx/n/
12 k\OT1/cmr/m/n/12 )\OML/cmm/m/it/12 r[]\OT1/cmr/m/n/12 (\OT1/cmr/bx/n/12 k\OT
1/cmr/m/n/12 )[]\OML/cmm/m/it/12 ^^N\OT1/cmr/m/n/12 (\OML/cmm/m/it/12 ![]\OT1/c
mr/m/n/12 (\OT1/cmr/bx/n/12 k\OT1/cmr/m/n/12 ) \OMS/cmsy/m/n/12 ^^@ \OML/cmm/m/
it/12 !\OT1/cmr/m/n/12 )\OML/cmm/m/it/12 :[]
 []

Package babel Info: Redefining spanish shorthand <<
(babel)             in language  on input line 1205.
Package babel Info: Redefining spanish shorthand >>
(babel)             in language  on input line 1205.
Package babel Info: Redefining spanish shorthand "=
(babel)             in language  on input line 1205.
Package babel Info: Redefining spanish shorthand "~
(babel)             in language  on input line 1205.
Package babel Info: Redefining spanish shorthand "!
(babel)             in language  on input line 1205.
Package babel Info: Redefining spanish shorthand "?
(babel)             in language  on input line 1205.
Package babel Info: Redefining spanish shorthand <<
(babel)             in language  on input line 1205.
Package babel Info: Redefining spanish shorthand >>
(babel)             in language  on input line 1205.
Package babel Info: Redefining spanish shorthand "=
(babel)             in language  on input line 1205.
Package babel Info: Redefining spanish shorthand "~
(babel)             in language  on input line 1205.
Package babel Info: Redefining spanish shorthand "!
(babel)             in language  on input line 1205.
Package babel Info: Redefining spanish shorthand "?
(babel)             in language  on input line 1205.
[26]
Package babel Info: Redefining spanish shorthand <<
(babel)             in language  on input line 1297.
Package babel Info: Redefining spanish shorthand >>
(babel)             in language  on input line 1297.
Package babel Info: Redefining spanish shorthand "=
(babel)             in language  on input line 1297.
Package babel Info: Redefining spanish shorthand "~
(babel)             in language  on input line 1297.
Package babel Info: Redefining spanish shorthand "!
(babel)             in language  on input line 1297.
Package babel Info: Redefining spanish shorthand "?
(babel)             in language  on input line 1297.
Package babel Info: Redefining spanish shorthand <<
(babel)             in language  on input line 1297.
Package babel Info: Redefining spanish shorthand >>
(babel)             in language  on input line 1297.
Package babel Info: Redefining spanish shorthand "=
(babel)             in language  on input line 1297.
Package babel Info: Redefining spanish shorthand "~
(babel)             in language  on input line 1297.
Package babel Info: Redefining spanish shorthand "!
(babel)             in language  on input line 1297.
Package babel Info: Redefining spanish shorthand "?
(babel)             in language  on input line 1297.
 [27]
Package babel Info: Redefining spanish shorthand <<
(babel)             in language  on input line 1355.
Package babel Info: Redefining spanish shorthand >>
(babel)             in language  on input line 1355.
Package babel Info: Redefining spanish shorthand "=
(babel)             in language  on input line 1355.
Package babel Info: Redefining spanish shorthand "~
(babel)             in language  on input line 1355.
Package babel Info: Redefining spanish shorthand "!
(babel)             in language  on input line 1355.
Package babel Info: Redefining spanish shorthand "?
(babel)             in language  on input line 1355.
Package babel Info: Redefining spanish shorthand <<
(babel)             in language  on input line 1355.
Package babel Info: Redefining spanish shorthand >>
(babel)             in language  on input line 1355.
Package babel Info: Redefining spanish shorthand "=
(babel)             in language  on input line 1355.
Package babel Info: Redefining spanish shorthand "~
(babel)             in language  on input line 1355.
Package babel Info: Redefining spanish shorthand "!
(babel)             in language  on input line 1355.
Package babel Info: Redefining spanish shorthand "?
(babel)             in language  on input line 1355.
 [28]
Overfull \hbox (66.59958pt too wide) in paragraph at lines 1381--1389
[]\OT1/cmtt/m/n/12 ~/tiniba/tiniba2010/SRC_response/SRC_set/PhysicalConstantsMo
d.f90 
 []

Package babel Info: Redefining spanish shorthand <<
(babel)             in language  on input line 1394.
Package babel Info: Redefining spanish shorthand >>
(babel)             in language  on input line 1394.
Package babel Info: Redefining spanish shorthand "=
(babel)             in language  on input line 1394.
Package babel Info: Redefining spanish shorthand "~
(babel)             in language  on input line 1394.
Package babel Info: Redefining spanish shorthand "!
(babel)             in language  on input line 1394.
Package babel Info: Redefining spanish shorthand "?
(babel)             in language  on input line 1394.

Overfull \hbox (0.37791pt too wide) in paragraph at lines 1403--1404
[]\OT1/cmr/m/n/12 /home/usrname/temporal > /$TI-NI-BA/wien2k/creatingTree.sh GA
AS 
 []

Package babel Info: Redefining spanish shorthand <<
(babel)             in language  on input line 1417.
Package babel Info: Redefining spanish shorthand >>
(babel)             in language  on input line 1417.
Package babel Info: Redefining spanish shorthand "=
(babel)             in language  on input line 1417.
Package babel Info: Redefining spanish shorthand "~
(babel)             in language  on input line 1417.
Package babel Info: Redefining spanish shorthand "!
(babel)             in language  on input line 1417.
Package babel Info: Redefining spanish shorthand "?
(babel)             in language  on input line 1417.
Package babel Info: Redefining spanish shorthand <<
(babel)             in language  on input line 1417.
Package babel Info: Redefining spanish shorthand >>
(babel)             in language  on input line 1417.
Package babel Info: Redefining spanish shorthand "=
(babel)             in language  on input line 1417.
Package babel Info: Redefining spanish shorthand "~
(babel)             in language  on input line 1417.
Package babel Info: Redefining spanish shorthand "!
(babel)             in language  on input line 1417.
Package babel Info: Redefining spanish shorthand "?
(babel)             in language  on input line 1417.
[29]
Overfull \hbox (46.9249pt too wide) in paragraph at lines 1434--1434
 []\OT1/cmtt/m/n/12 [option-0] = run    -run ONLY momentum and energy  matrix e
lements[] 
 []


Overfull \hbox (16.04988pt too wide) in paragraph at lines 1438--1438
 []\OT1/cmtt/m/n/12 [option-1] = 0.001      -energy convercence LIMIT (0.0001 R
y)[] 
 []

Package babel Info: Redefining spanish shorthand <<
(babel)             in language  on input line 1452.
Package babel Info: Redefining spanish shorthand >>
(babel)             in language  on input line 1452.
Package babel Info: Redefining spanish shorthand "=
(babel)             in language  on input line 1452.
Package babel Info: Redefining spanish shorthand "~
(babel)             in language  on input line 1452.
Package babel Info: Redefining spanish shorthand "!
(babel)             in language  on input line 1452.
Package babel Info: Redefining spanish shorthand "?
(babel)             in language  on input line 1452.
Package babel Info: Redefining spanish shorthand <<
(babel)             in language  on input line 1458.
Package babel Info: Redefining spanish shorthand >>
(babel)             in language  on input line 1458.
Package babel Info: Redefining spanish shorthand "=
(babel)             in language  on input line 1458.
Package babel Info: Redefining spanish shorthand "~
(babel)             in language  on input line 1458.
Package babel Info: Redefining spanish shorthand "!
(babel)             in language  on input line 1458.
Package babel Info: Redefining spanish shorthand "?
(babel)             in language  on input line 1458.
Package babel Info: Redefining spanish shorthand <<
(babel)             in language  on input line 1458.
Package babel Info: Redefining spanish shorthand >>
(babel)             in language  on input line 1458.
Package babel Info: Redefining spanish shorthand "=
(babel)             in language  on input line 1458.
Package babel Info: Redefining spanish shorthand "~
(babel)             in language  on input line 1458.
Package babel Info: Redefining spanish shorthand "!
(babel)             in language  on input line 1458.
Package babel Info: Redefining spanish shorthand "?
(babel)             in language  on input line 1458.
[30]
Overfull \hbox (10.9476pt too wide) in paragraph at lines 1470--1470
[]\OT1/cmr/bx/n/17.28 The GW met-hod and Bethe-Salpeter Equa-
 []

Package babel Info: Redefining spanish shorthand <<
(babel)             in language  on input line 1470.
Package babel Info: Redefining spanish shorthand >>
(babel)             in language  on input line 1470.
Package babel Info: Redefining spanish shorthand "=
(babel)             in language  on input line 1470.
Package babel Info: Redefining spanish shorthand "~
(babel)             in language  on input line 1470.
Package babel Info: Redefining spanish shorthand "!
(babel)             in language  on input line 1470.
Package babel Info: Redefining spanish shorthand "?
(babel)             in language  on input line 1470.
Package babel Info: Redefining spanish shorthand <<
(babel)             in language  on input line 1475.
Package babel Info: Redefining spanish shorthand >>
(babel)             in language  on input line 1475.
Package babel Info: Redefining spanish shorthand "=
(babel)             in language  on input line 1475.
Package babel Info: Redefining spanish shorthand "~
(babel)             in language  on input line 1475.
Package babel Info: Redefining spanish shorthand "!
(babel)             in language  on input line 1475.
Package babel Info: Redefining spanish shorthand "?
(babel)             in language  on input line 1475.

Underfull \hbox (badness 10000) in paragraph at lines 1477--1479

 []

Package babel Info: Redefining spanish shorthand <<
(babel)             in language  on input line 1482.
Package babel Info: Redefining spanish shorthand >>
(babel)             in language  on input line 1482.
Package babel Info: Redefining spanish shorthand "=
(babel)             in language  on input line 1482.
Package babel Info: Redefining spanish shorthand "~
(babel)             in language  on input line 1482.
Package babel Info: Redefining spanish shorthand "!
(babel)             in language  on input line 1482.
Package babel Info: Redefining spanish shorthand "?
(babel)             in language  on input line 1482.
Package babel Info: Redefining spanish shorthand <<
(babel)             in language  on input line 1496.
Package babel Info: Redefining spanish shorthand >>
(babel)             in language  on input line 1496.
Package babel Info: Redefining spanish shorthand "=
(babel)             in language  on input line 1496.
Package babel Info: Redefining spanish shorthand "~
(babel)             in language  on input line 1496.
Package babel Info: Redefining spanish shorthand "!
(babel)             in language  on input line 1496.
Package babel Info: Redefining spanish shorthand "?
(babel)             in language  on input line 1496.
Package babel Info: Redefining spanish shorthand <<
(babel)             in language  on input line 1496.
Package babel Info: Redefining spanish shorthand >>
(babel)             in language  on input line 1496.
Package babel Info: Redefining spanish shorthand "=
(babel)             in language  on input line 1496.
Package babel Info: Redefining spanish shorthand "~
(babel)             in language  on input line 1496.
Package babel Info: Redefining spanish shorthand "!
(babel)             in language  on input line 1496.
Package babel Info: Redefining spanish shorthand "?
(babel)             in language  on input line 1496.
[31] (./tiniba-manual.bbl (./tiniba-manual.brf)
\tf@brf=\write5
\openout5 = `tiniba-manual.brf'.

)
Package babel Info: Redefining spanish shorthand <<
(babel)             in language  on input line 1504.
Package babel Info: Redefining spanish shorthand >>
(babel)             in language  on input line 1504.
Package babel Info: Redefining spanish shorthand "=
(babel)             in language  on input line 1504.
Package babel Info: Redefining spanish shorthand "~
(babel)             in language  on input line 1504.
Package babel Info: Redefining spanish shorthand "!
(babel)             in language  on input line 1504.
Package babel Info: Redefining spanish shorthand "?
(babel)             in language  on input line 1504.

Overfull \hbox (211.23573pt too wide) in paragraph at lines 1511--1513
[][]\OT1/cmtt/m/n/12 $$TINIBA$$/src_ibz> make clean -f Makefile_xeon []$$TINIBA
$$/src_ibz> make -f Makefile_xeon 
 []


Overfull \hbox (211.23573pt too wide) in paragraph at lines 1515--1517
[][]\OT1/cmtt/m/n/12 $$TINIBA$$/src_ibz> make clean -f Makefile_quad []$$TINIBA
$$/src_ibz> make -f Makefile_quad 
 []

Package babel Info: Redefining spanish shorthand <<
(babel)             in language  on input line 1541.
Package babel Info: Redefining spanish shorthand >>
(babel)             in language  on input line 1541.
Package babel Info: Redefining spanish shorthand "=
(babel)             in language  on input line 1541.
Package babel Info: Redefining spanish shorthand "~
(babel)             in language  on input line 1541.
Package babel Info: Redefining spanish shorthand "!
(babel)             in language  on input line 1541.
Package babel Info: Redefining spanish shorthand "?
(babel)             in language  on input line 1541.
Package babel Info: Redefining spanish shorthand <<
(babel)             in language  on input line 1541.
Package babel Info: Redefining spanish shorthand >>
(babel)             in language  on input line 1541.
Package babel Info: Redefining spanish shorthand "=
(babel)             in language  on input line 1541.
Package babel Info: Redefining spanish shorthand "~
(babel)             in language  on input line 1541.
Package babel Info: Redefining spanish shorthand "!
(babel)             in language  on input line 1541.
Package babel Info: Redefining spanish shorthand "?
(babel)             in language  on input line 1541.
[32]
Overfull \hbox (83.97491pt too wide) in paragraph at lines 1544--1544
 []\OT1/cmtt/m/n/12 u 1:(sqrt(($2+$4)**2+($3+$5)**2)) smooth csplines title '$\
chi^2_{xyz}$'[] 
 []


Overfull \hbox (59.51454pt too wide) in paragraph at lines 1551--1552
[][]\OT1/cmtt/m/n/12 $HOME/$TINIBA/SRC_response/all/[]\OT1/cmr/m/n/12 doNuevoSm
earingt$[]$juniot$[]$14t$[]$2010.sh[] 
 []

<CERTIFICADO-INDAUTOR-TINIBA1.pdf, id=464, 612.8496pt x 794.97pt>
File: CERTIFICADO-INDAUTOR-TINIBA1.pdf Graphic file (type pdf)

<use CERTIFICADO-INDAUTOR-TINIBA1.pdf>
Package pdftex.def Info: CERTIFICADO-INDAUTOR-TINIBA1.pdf used on input line 15
59.
(pdftex.def)             Requested size: 367.71259pt x 476.98569pt.
Package atveryend Info: Empty hook `BeforeClearDocument' on input line 1566.
Package babel Info: Redefining spanish shorthand <<
(babel)             in language  on input line 1566.
Package babel Info: Redefining spanish shorthand >>
(babel)             in language  on input line 1566.
Package babel Info: Redefining spanish shorthand "=
(babel)             in language  on input line 1566.
Package babel Info: Redefining spanish shorthand "~
(babel)             in language  on input line 1566.
Package babel Info: Redefining spanish shorthand "!
(babel)             in language  on input line 1566.
Package babel Info: Redefining spanish shorthand "?
(babel)             in language  on input line 1566.
Package babel Info: Redefining spanish shorthand <<
(babel)             in language  on input line 1566.
Package babel Info: Redefining spanish shorthand >>
(babel)             in language  on input line 1566.
Package babel Info: Redefining spanish shorthand "=
(babel)             in language  on input line 1566.
Package babel Info: Redefining spanish shorthand "~
(babel)             in language  on input line 1566.
Package babel Info: Redefining spanish shorthand "!
(babel)             in language  on input line 1566.
Package babel Info: Redefining spanish shorthand "?
(babel)             in language  on input line 1566.
 [33]
Package babel Info: Redefining spanish shorthand <<
(babel)             in language  on input line 1566.
Package babel Info: Redefining spanish shorthand >>
(babel)             in language  on input line 1566.
Package babel Info: Redefining spanish shorthand "=
(babel)             in language  on input line 1566.
Package babel Info: Redefining spanish shorthand "~
(babel)             in language  on input line 1566.
Package babel Info: Redefining spanish shorthand "!
(babel)             in language  on input line 1566.
Package babel Info: Redefining spanish shorthand "?
(babel)             in language  on input line 1566.
Package babel Info: Redefining spanish shorthand <<
(babel)             in language  on input line 1566.
Package babel Info: Redefining spanish shorthand >>
(babel)             in language  on input line 1566.
Package babel Info: Redefining spanish shorthand "=
(babel)             in language  on input line 1566.
Package babel Info: Redefining spanish shorthand "~
(babel)             in language  on input line 1566.
Package babel Info: Redefining spanish shorthand "!
(babel)             in language  on input line 1566.
Package babel Info: Redefining spanish shorthand "?
(babel)             in language  on input line 1566.
 [34 <./CERTIFICADO-INDAUTOR-TINIBA1.pdf>]
Package atveryend Info: Empty hook `AfterLastShipout' on input line 1566.
 (./tiniba-manual.aux
LaTeX Info: Redefining \. on input line 23.
LaTeX Info: Redefining \% on input line 23.
LaTeX Info: Redefining \. on input line 31.
LaTeX Info: Redefining \% on input line 31.
)
Package atveryend Info: Executing hook `AtVeryEndDocument' on input line 1566.
Package atveryend Info: Executing hook `AtEndAfterFileList' on input line 1566.

Package rerunfilecheck Info: File `tiniba-manual.out' has not changed.
(rerunfilecheck)             Checksum: 6FFB054C074BB9DABDF466CAABB23696;1568.
Package rerunfilecheck Info: File `tiniba-manual.brf' has not changed.
(rerunfilecheck)             Checksum: 674A999CD051B25DE0739CE7A9CCDA9E;53.


LaTeX Font Warning: Size substitutions with differences
(Font)              up to 0.6pt have occurred.

Package atveryend Info: Empty hook `AtVeryVeryEnd' on input line 1566.
 ) 
Here is how much of TeX's memory you used:
 7586 strings out of 493315
 104962 string characters out of 6137903
 206704 words of memory out of 5000000
 10783 multiletter control sequences out of 15000+600000
 20865 words of font info for 79 fonts, out of 8000000 for 9000
 957 hyphenation exceptions out of 8191
 32i,14n,43p,343b,619s stack positions out of 5000i,500n,10000p,200000b,80000s
</usr/local/texlive/2013/texmf-dist/fonts/type1/public/amsfonts/cm/cmbsy10.pf
b></usr/local/texlive/2013/texmf-dist/fonts/type1/public/amsfonts/cmextra/cmbsy
8.pfb></usr/local/texlive/2013/texmf-dist/fonts/type1/public/amsfonts/cm/cmbx12
.pfb></usr/local/texlive/2013/texmf-dist/fonts/type1/public/amsfonts/cm/cmbx6.p
fb></usr/local/texlive/2013/texmf-dist/fonts/type1/public/amsfonts/cm/cmbx8.pfb
></usr/local/texlive/2013/texmf-dist/fonts/type1/public/amsfonts/cm/cmex10.pfb>
</usr/local/texlive/2013/texmf-dist/fonts/type1/public/amsfonts/cm/cmmi10.pfb><
/usr/local/texlive/2013/texmf-dist/fonts/type1/public/amsfonts/cm/cmmi12.pfb></
usr/local/texlive/2013/texmf-dist/fonts/type1/public/amsfonts/cm/cmmi8.pfb></us
r/local/texlive/2013/texmf-dist/fonts/type1/public/amsfonts/cm/cmmib10.pfb></us
r/local/texlive/2013/texmf-dist/fonts/type1/public/amsfonts/cm/cmr10.pfb></usr/
local/texlive/2013/texmf-dist/fonts/type1/public/amsfonts/cm/cmr12.pfb></usr/lo
cal/texlive/2013/texmf-dist/fonts/type1/public/amsfonts/cm/cmr17.pfb></usr/loca
l/texlive/2013/texmf-dist/fonts/type1/public/amsfonts/cm/cmr6.pfb></usr/local/t
exlive/2013/texmf-dist/fonts/type1/public/amsfonts/cm/cmr8.pfb></usr/local/texl
ive/2013/texmf-dist/fonts/type1/public/amsfonts/cm/cmss10.pfb></usr/local/texli
ve/2013/texmf-dist/fonts/type1/public/amsfonts/cm/cmsy10.pfb></usr/local/texliv
e/2013/texmf-dist/fonts/type1/public/amsfonts/cm/cmsy6.pfb></usr/local/texlive/
2013/texmf-dist/fonts/type1/public/amsfonts/cm/cmsy8.pfb></usr/local/texlive/20
13/texmf-dist/fonts/type1/public/amsfonts/cm/cmti12.pfb></usr/local/texlive/201
3/texmf-dist/fonts/type1/public/amsfonts/cm/cmtt10.pfb></usr/local/texlive/2013
/texmf-dist/fonts/type1/public/amsfonts/cm/cmtt12.pfb></usr/local/texlive/2013/
texmf-dist/fonts/type1/public/amsfonts/symbols/msbm10.pfb>
Output written on tiniba-manual.pdf (34 pages, 760775 bytes).
PDF statistics:
 580 PDF objects out of 1000 (max. 8388607)
 494 compressed objects within 5 object streams
 133 named destinations out of 1000 (max. 500000)
 226 words of extra memory for PDF output out of 10000 (max. 10000000)

