\BOOKMARK [0][-]{chapter.1}{Introduction}{}% 1
\BOOKMARK [1][-]{subsection.1.0.1}{Why this guide?}{chapter.1}% 2
\BOOKMARK [2][-]{subsection.1.0.2}{Publications with tiniba}{subsection.1.0.1}% 3
\BOOKMARK [2][-]{subsection.1.0.3}{At the begining}{subsection.1.0.1}% 4
\BOOKMARK [1][-]{section.1.1}{Installation on medusa}{chapter.1}% 5
\BOOKMARK [1][-]{section.1.2}{Administration on medusa}{chapter.1}% 6
\BOOKMARK [2][-]{subsection.1.2.1}{How to : restart InfiniBand communications link }{section.1.2}% 7
\BOOKMARK [2][-]{subsection.1.2.2}{How to : mount homeib}{section.1.2}% 8
\BOOKMARK [0][-]{chapter.2}{How to run a TINIBA test case}{}% 9
\BOOKMARK [1][-]{section.2.1}{Benchmark Test}{chapter.2}% 10
\BOOKMARK [1][-]{section.2.2}{Optics}{chapter.2}% 11
\BOOKMARK [0][-]{chapter.3}{Examples}{}% 12
\BOOKMARK [1][-]{subsection.3.0.1}{Bulk}{chapter.3}% 13
\BOOKMARK [2][-]{subsection.3.0.2}{Surface}{subsection.3.0.1}% 14
\BOOKMARK [0][-]{chapter.4}{For developers: how to include new optics subroutines}{}% 15
\BOOKMARK [1][-]{subsection.4.0.3}{a la Cabellos}{chapter.4}% 16
\BOOKMARK [2][-]{subsection.4.0.4}{Programs for Bulk and Layer-by-Layer response}{subsection.4.0.3}% 17
\BOOKMARK [2][-]{subsection.4.0.5}{Shell for Bulk and Layer-by-Layer response}{subsection.4.0.3}% 18
\BOOKMARK [2][-]{subsection.4.0.6}{Formulas and Units}{subsection.4.0.3}% 19
\BOOKMARK [1][-]{section.4.1}{Wien2k}{chapter.4}% 20
\BOOKMARK [1][-]{section.4.2}{Refinement over k-points}{chapter.4}% 21
\BOOKMARK [1][-]{section.4.3}{The GW method and Bethe-Salpeter Equation}{chapter.4}% 22
\BOOKMARK [1][-]{section.4.4}{Surfaces }{chapter.4}% 23
\BOOKMARK [1][-]{section.4.5}{Contributors}{chapter.4}% 24
\BOOKMARK [0][-]{appendix.A}{Extras}{}% 25
